c:\users\brook\source\repos\dumbterminalemulator\dumbterminalemulator\x64\debug\vc141.pdb
c:\users\brook\source\repos\dumbterminalemulator\dumbterminalemulator\x64\debug\qrc_dumbterminalemulator.obj
c:\users\brook\source\repos\dumbterminalemulator\dumbterminalemulator\x64\debug\main.obj
c:\users\brook\source\repos\dumbterminalemulator\dumbterminalemulator\x64\debug\moc_dumbterminalemulator.obj
c:\users\brook\source\repos\dumbterminalemulator\dumbterminalemulator\x64\debug\dumbterminalemulator.obj
c:\users\brook\source\repos\dumbterminalemulator\dumbterminalemulator\generatedfiles\ui_dumbterminalemulator.h
c:\users\brook\source\repos\dumbterminalemulator\dumbterminalemulator\generatedfiles\qrc_dumbterminalemulator.cpp
c:\users\brook\source\repos\dumbterminalemulator\dumbterminalemulator\generatedfiles\debug\moc_dumbterminalemulator.cpp
c:\users\brook\source\repos\dumbterminalemulator\x64\debug\dumbterminalemulator.exe
c:\users\brook\source\repos\dumbterminalemulator\x64\debug\dumbterminalemulator.ilk
c:\users\brook\source\repos\dumbterminalemulator\x64\debug\dumbterminalemulator.pdb
c:\users\brook\source\repos\dumbterminalemulator\dumbterminalemulator\x64\debug\dumbterm.b12702ad.tlog\cl.command.1.tlog
c:\users\brook\source\repos\dumbterminalemulator\dumbterminalemulator\x64\debug\dumbterm.b12702ad.tlog\cl.read.1.tlog
c:\users\brook\source\repos\dumbterminalemulator\dumbterminalemulator\x64\debug\dumbterm.b12702ad.tlog\cl.write.1.tlog
c:\users\brook\source\repos\dumbterminalemulator\dumbterminalemulator\x64\debug\dumbterm.b12702ad.tlog\custombuild.command.1.tlog
c:\users\brook\source\repos\dumbterminalemulator\dumbterminalemulator\x64\debug\dumbterm.b12702ad.tlog\custombuild.read.1.tlog
c:\users\brook\source\repos\dumbterminalemulator\dumbterminalemulator\x64\debug\dumbterm.b12702ad.tlog\custombuild.write.1.tlog
c:\users\brook\source\repos\dumbterminalemulator\dumbterminalemulator\x64\debug\dumbterm.b12702ad.tlog\link.command.1.tlog
c:\users\brook\source\repos\dumbterminalemulator\dumbterminalemulator\x64\debug\dumbterm.b12702ad.tlog\link.read.1.tlog
c:\users\brook\source\repos\dumbterminalemulator\dumbterminalemulator\x64\debug\dumbterm.b12702ad.tlog\link.write.1.tlog
